<?xml version="1.0" encoding="UTF-8"?>
<testsuite xmlns:xsi="http://www.w3.org/2001/XMLSchema-instance" xsi:noNamespaceSchemaLocation="https://maven.apache.org/surefire/maven-surefire-plugin/xsd/surefire-test-report.xsd" version="3.0.2" name="com.example.training.service.LoanApplicationServiceTest" time="0.051" tests="24" errors="0" skipped="0" failures="0" flakes="0">
  <properties>
[...]
</properties>
  <testcase name="should_update_status_to_approved" classname="com.example.training.service.LoanApplicationServiceTest" time="0.033">
    <system-out><![CDATA[2026-06-23T20:50:34.197+07:00 DEBUG 72971 --- [training] [           main] c.e.t.service.LoanApplicationService     : event=loan_update_status_request loan_id=ec2681fd-f09c-4d52-930f-f6c11b217631 from=SUBMITTED to=APPROVED correlation_id=null
2026-06-23T20:50:34.197+07:00 DEBUG 72971 --- [training] [           main] c.e.t.service.LoanApplicationService     : event=loan_validate_transition from=SUBMITTED to=APPROVED correlation_id=null
2026-06-23T20:50:34.197+07:00 DEBUG 72971 --- [training] [           main] c.e.t.service.LoanApplicationService     : event=loan_save_after_status_change loan_id=ec2681fd-f09c-4d52-930f-f6c11b217631 correlation_id=null
2026-06-23T20:50:34.197+07:00  INFO 72971 --- [training] [           main] c.e.t.service.LoanApplicationService     : event=loan_application_approved loan_id=ec2681fd-f09c-4d52-930f-f6c11b217631 from_status=SUBMITTED to_status=APPROVED correlation_id=null
2026-06-23T20:50:34.197+07:00 DEBUG 72971 --- [training] [           main] c.e.t.service.LoanApplicationService     : event=loan_update_status_complete loan_id=ec2681fd-f09c-4d52-930f-f6c11b217631 final_status=APPROVED correlation_id=null
]]></system-out>
    <system-err><![CDATA[java.lang.instrument.IllegalClassFormatException: Error while instrumenting com/example/training/repository/LoanApplicationRepository$MockitoMock$U9d9Bqca with JaCoCo 0.8.12.202403310830/dbfb6f2.
	at org.jacoco.agent.rt.internal_aeaf9ab.CoverageTransformer.transform(CoverageTransformer.java:94)
	at java.instrument/java.lang.instrument.ClassFileTransformer.transform(ClassFileTransformer.java:257)
	at java.instrument/sun.instrument.TransformerManager.transform(TransformerManager.java:188)
	at java.instrument/sun.instrument.InstrumentationImpl.transform(InstrumentationImpl.java:594)
	at java.base/java.lang.ClassLoader.defineClass0(Native Method)
	at java.base/java.lang.System$1.defineClass(System.java:2054)
	at java.base/java.lang.invoke.MethodHandles$Lookup$ClassDefiner.defineClass(MethodHandles.java:2356)
	at java.base/java.lang.invoke.MethodHandles$Lookup$ClassDefiner.defineClass(MethodHandles.java:2331)
	at java.base/java.lang.invoke.MethodHandles$Lookup.defineClass(MethodHandles.java:1755)
	at java.base/jdk.internal.reflect.DirectMethodHandleAccessor.invoke(DirectMethodHandleAccessor.java:104)
	at java.base/java.lang.reflect.Method.invoke(Method.java:565)
	at net.bytebuddy.utility.Invoker$Dispatcher.invoke(Unknown Source)
	at net.bytebuddy.utility.dispatcher.JavaDispatcher$Dispatcher$ForNonStaticMethod.invoke(JavaDispatcher.java:1049)
	at net.bytebuddy.utility.dispatcher.JavaDispatcher$ProxiedInvocationHandler.invoke(JavaDispatcher.java:1179)
	at jdk.proxy2/jdk.proxy2.$Proxy196.defineClass(Unknown Source)
	at net.bytebuddy.dynamic.loading.ClassInjector$UsingLookup.injectRaw(ClassInjector.java:1731)
	at net.bytebuddy.dynamic.loading.ClassInjector$AbstractBase.injectRaw(ClassInjector.java:202)
	at net.bytebuddy.dynamic.loading.ClassInjector$AbstractBase.inject(ClassInjector.java:190)
	at net.bytebuddy.dynamic.loading.ClassLoadingStrategy$UsingLookup.load(ClassLoadingStrategy.java:558)
	at net.bytebuddy.dynamic.TypeResolutionStrategy$Passive.initialize(TypeResolutionStrategy.java:101)
	at net.bytebuddy.dynamic.DynamicType$Default$Unloaded.load(DynamicType.java:7725)
	at org.mockito.internal.creation.bytebuddy.SubclassBytecodeGenerator.mockClass(SubclassBytecodeGenerator.java:285)
	at org.mockito.internal.creation.bytebuddy.TypeCachingBytecodeGenerator.lambda$mockClass$0(TypeCachingBytecodeGenerator.java:78)
	at net.bytebuddy.TypeCache.findOrInsert(TypeCache.java:172)
	at net.bytebuddy.TypeCache$WithInlineExpunction.findOrInsert(TypeCache.java:403)
	at net.bytebuddy.TypeCache.findOrInsert(TypeCache.java:194)
	at net.bytebuddy.TypeCache$WithInlineExpunction.findOrInsert(TypeCache.java:414)
	at org.mockito.internal.creation.bytebuddy.TypeCachingBytecodeGenerator.mockClass(TypeCachingBytecodeGenerator.java:75)
	at org.mockito.internal.creation.bytebuddy.InlineBytecodeGenerator.mockClass(InlineBytecodeGenerator.java:242)
	at org.mockito.internal.creation.bytebuddy.TypeCachingBytecodeGenerator.lambda$mockClass$0(TypeCachingBytecodeGenerator.java:78)
	at net.bytebuddy.TypeCache.findOrInsert(TypeCache.java:172)
	at net.bytebuddy.TypeCache$WithInlineExpunction.findOrInsert(TypeCache.java:403)
	at net.bytebuddy.TypeCache.findOrInsert(TypeCache.java:194)
	at net.bytebuddy.TypeCache$WithInlineExpunction.findOrInsert(TypeCache.java:414)
	at org.mockito.internal.creation.bytebuddy.TypeCachingBytecodeGenerator.mockClass(TypeCachingBytecodeGenerator.java:75)
	at org.mockito.internal.creation.bytebuddy.InlineDelegateByteBuddyMockMaker.createMockType(InlineDelegateByteBuddyMockMaker.java:434)
	at org.mockito.internal.creation.bytebuddy.InlineDelegateByteBuddyMockMaker.doCreateMock(InlineDelegateByteBuddyMockMaker.java:393)
	at org.mockito.internal.creation.bytebuddy.InlineDelegateByteBuddyMockMaker.createMock(InlineDelegateByteBuddyMockMaker.java:372)
	at org.mockito.internal.creation.bytebuddy.InlineByteBuddyMockMaker.createMock(InlineByteBuddyMockMaker.java:56)
	at org.mockito.internal.util.MockUtil.createMock(MockUtil.java:99)
	at org.mockito.internal.MockitoCore.mock(MockitoCore.java:80)
	at org.mockito.Mockito.mock(Mockito.java:2235)
	at org.mockito.internal.configuration.MockAnnotationProcessor.processAnnotationForMock(MockAnnotationProcessor.java:79)
	at org.mockito.internal.configuration.MockAnnotationProcessor.process(MockAnnotationProcessor.java:28)
	at org.mockito.internal.configuration.MockAnnotationProcessor.process(MockAnnotationProcessor.java:25)
	at org.mockito.internal.configuration.IndependentAnnotationEngine.createMockFor(IndependentAnnotationEngine.java:44)
	at org.mockito.internal.configuration.IndependentAnnotationEngine.process(IndependentAnnotationEngine.java:72)
	at org.mockito.internal.configuration.InjectingAnnotationEngine.processIndependentAnnotations(InjectingAnnotationEngine.java:62)
	at org.mockito.internal.configuration.InjectingAnnotationEngine.process(InjectingAnnotationEngine.java:47)
	at org.mockito.MockitoAnnotations.openMocks(MockitoAnnotations.java:81)
	at org.mockito.internal.framework.DefaultMockitoSession.<init>(DefaultMockitoSession.java:43)
	at org.mockito.internal.session.DefaultMockitoSessionBuilder.startMocking(DefaultMockitoSessionBuilder.java:83)
	at org.mockito.junit.jupiter.MockitoExtension.beforeEach(MockitoExtension.java:160)
	at org.junit.jupiter.engine.descriptor.CallbackSupport.lambda$invokeBeforeCallbacks$0(CallbackSupport.java:34)
	at org.junit.platform.engine.support.hierarchical.ThrowableCollector.execute(ThrowableCollector.java:74)
	at org.junit.jupiter.engine.descriptor.CallbackSupport.invokeBeforeCallbacks(CallbackSupport.java:34)
	at org.junit.jupiter.engine.descriptor.TestMethodTestDescriptor.invokeBeforeEachCallbacks(TestMethodTestDescriptor.java:184)
	at org.junit.jupiter.engine.descriptor.TestMethodTestDescriptor.execute(TestMethodTestDescriptor.java:151)
	at org.junit.jupiter.engine.descriptor.TestMethodTestDescriptor.execute(TestMethodTestDescriptor.java:70)
	at org.junit.platform.engine.support.hierarchical.NodeTestTask.lambda$executeRecursively$2(NodeTestTask.java:176)
	at org.junit.platform.engine.support.hierarchical.ThrowableCollector.execute(ThrowableCollector.java:74)
	at org.junit.platform.engine.support.hierarchical.NodeTestTask.lambda$executeRecursively$1(NodeTestTask.java:166)
	at org.junit.platform.engine.support.hierarchical.Node.around(Node.java:138)
	at org.junit.platform.engine.support.hierarchical.NodeTestTask.lambda$executeRecursively$0(NodeTestTask.java:164)
	at org.junit.platform.engine.support.hierarchical.ThrowableCollector.execute(ThrowableCollector.java:74)
	at org.junit.platform.engine.support.hierarchical.NodeTestTask.executeRecursively(NodeTestTask.java:163)
	at org.junit.platform.engine.support.hierarchical.NodeTestTask.execute(NodeTestTask.java:116)
	at java.base/java.util.ArrayList.forEach(ArrayList.java:1612)
	at org.junit.platform.engine.support.hierarchical.SameThreadHierarchicalTestExecutorService.invokeAll(SameThreadHierarchicalTestExecutorService.java:42)
	at org.junit.platform.engine.support.hierarchical.NodeTestTask.lambda$executeRecursively$2(NodeTestTask.java:180)
	at org.junit.platform.engine.support.hierarchical.ThrowableCollector.execute(ThrowableCollector.java:74)
	at org.junit.platform.engine.support.hierarchical.NodeTestTask.lambda$executeRecursively$1(NodeTestTask.java:166)
	at org.junit.platform.engine.support.hierarchical.Node.around(Node.java:138)
	at org.junit.platform.engine.support.hierarchical.NodeTestTask.lambda$executeRecursively$0(NodeTestTask.java:164)
	at org.junit.platform.engine.support.hierarchical.ThrowableCollector.execute(ThrowableCollector.java:74)
	at org.junit.platform.engine.support.hierarchical.NodeTestTask.executeRecursively(NodeTestTask.java:163)
	at org.junit.platform.engine.support.hierarchical.NodeTestTask.execute(NodeTestTask.java:116)
	at java.base/java.util.ArrayList.forEach(ArrayList.java:1612)
	at org.junit.platform.engine.support.hierarchical.SameThreadHierarchicalTestExecutorService.invokeAll(SameThreadHierarchicalTestExecutorService.java:42)
	at org.junit.platform.engine.support.hierarchical.NodeTestTask.lambda$executeRecursively$2(NodeTestTask.java:180)
	at org.junit.platform.engine.support.hierarchical.ThrowableCollector.execute(ThrowableCollector.java:74)
	at org.junit.platform.engine.support.hierarchical.NodeTestTask.lambda$executeRecursively$1(NodeTestTask.java:166)
	at org.junit.platform.engine.support.hierarchical.Node.around(Node.java:138)
	at org.junit.platform.engine.support.hierarchical.NodeTestTask.lambda$executeRecursively$0(NodeTestTask.java:164)
	at org.junit.platform.engine.support.hierarchical.ThrowableCollector.execute(ThrowableCollector.java:74)
	at org.junit.platform.engine.support.hierarchical.NodeTestTask.executeRecursively(NodeTestTask.java:163)
	at org.junit.platform.engine.support.hierarchical.NodeTestTask.execute(NodeTestTask.java:116)
	at org.junit.platform.engine.support.hierarchical.SameThreadHierarchicalTestExecutorService.submit(SameThreadHierarchicalTestExecutorService.java:36)
	at org.junit.platform.engine.support.hierarchical.HierarchicalTestExecutor.execute(HierarchicalTestExecutor.java:52)
	at org.junit.platform.engine.support.hierarchical.HierarchicalTestEngine.execute(HierarchicalTestEngine.java:58)
	at org.junit.platform.launcher.core.EngineExecutionOrchestrator.executeEngine(EngineExecutionOrchestrator.java:246)
	at org.junit.platform.launcher.core.EngineExecutionOrchestrator.failOrExecuteEngine(EngineExecutionOrchestrator.java:218)
	at org.junit.platform.launcher.core.EngineExecutionOrchestrator.execute(EngineExecutionOrchestrator.java:179)
	at org.junit.platform.launcher.core.EngineExecutionOrchestrator.execute(EngineExecutionOrchestrator.java:108)
	at org.junit.platform.launcher.core.EngineExecutionOrchestrator.lambda$execute$0(EngineExecutionOrchestrator.java:66)
	at org.junit.platform.launcher.core.EngineExecutionOrchestrator.withInterceptedStreams(EngineExecutionOrchestrator.java:157)
	at org.junit.platform.launcher.core.EngineExecutionOrchestrator.execute(EngineExecutionOrchestrator.java:65)
	at org.junit.platform.launcher.core.DefaultLauncher.execute(DefaultLauncher.java:125)
	at org.junit.platform.launcher.core.DefaultLauncher.execute(DefaultLauncher.java:114)
	at org.junit.platform.launcher.core.DelegatingLauncher.execute(DelegatingLauncher.java:58)
	at org.junit.platform.launcher.core.InterceptingLauncher.lambda$execute$2(InterceptingLauncher.java:57)
	at org.junit.platform.launcher.core.ClasspathAlignmentCheckingLauncherInterceptor.intercept(ClasspathAlignmentCheckingLauncherInterceptor.java:25)
	at org.junit.platform.launcher.core.InterceptingLauncher.execute(InterceptingLauncher.java:56)
	at org.junit.platform.launcher.core.DelegatingLauncher.execute(DelegatingLauncher.java:58)
	at java.base/jdk.internal.reflect.DirectMethodHandleAccessor.invoke(DirectMethodHandleAccessor.java:104)
	at java.base/java.lang.reflect.Method.invoke(Method.java:565)
	at org.apache.maven.surefire.api.util.ReflectionUtils.invokeMethodWithArray(ReflectionUtils.java:125)
	at org.apache.maven.surefire.junitplatform.LauncherAdapter.executeWithCancellationToken(LauncherAdapter.java:68)
	at org.apache.maven.surefire.junitplatform.LauncherAdapter.execute(LauncherAdapter.java:54)
	at org.apache.maven.surefire.junitplatform.JUnitPlatformProvider.execute(JUnitPlatformProvider.java:203)
	at org.apache.maven.surefire.junitplatform.JUnitPlatformProvider.invokeAllTests(JUnitPlatformProvider.java:168)
	at org.apache.maven.surefire.junitplatform.JUnitPlatformProvider.invoke(JUnitPlatformProvider.java:136)
	at org.apache.maven.surefire.booter.ForkedBooter.runSuitesInProcess(ForkedBooter.java:385)
	at org.apache.maven.surefire.booter.ForkedBooter.execute(ForkedBooter.java:162)
	at org.apache.maven.surefire.booter.ForkedBooter.run(ForkedBooter.java:507)
	at org.apache.maven.surefire.booter.ForkedBooter.main(ForkedBooter.java:495)
Caused by: java.io.IOException: Error while instrumenting com/example/training/repository/LoanApplicationRepository$MockitoMock$U9d9Bqca with JaCoCo 0.8.12.202403310830/dbfb6f2.
	at org.jacoco.agent.rt.internal_aeaf9ab.core.instr.Instrumenter.instrumentError(Instrumenter.java:161)
	at org.jacoco.agent.rt.internal_aeaf9ab.core.instr.Instrumenter.instrument(Instrumenter.java:111)
	at org.jacoco.agent.rt.internal_aeaf9ab.CoverageTransformer.transform(CoverageTransformer.java:92)
	... 115 more
Caused by: java.lang.IllegalArgumentException: Unsupported class file major version 70
	at org.jacoco.agent.rt.internal_aeaf9ab.asm.ClassReader.<init>(ClassReader.java:200)
	at org.jacoco.agent.rt.internal_aeaf9ab.asm.ClassReader.<init>(ClassReader.java:180)
	at org.jacoco.agent.rt.internal_aeaf9ab.asm.ClassReader.<init>(ClassReader.java:166)
	at org.jacoco.agent.rt.internal_aeaf9ab.core.internal.instr.InstrSupport.classReaderFor(InstrSupport.java:280)
	at org.jacoco.agent.rt.internal_aeaf9ab.core.instr.Instrumenter.instrument(Instrumenter.java:77)
	at org.jacoco.agent.rt.internal_aeaf9ab.core.instr.Instrumenter.instrument(Instrumenter.java:109)
	... 116 more
java.lang.instrument.IllegalClassFormatException: Error while instrumenting com/example/training/repository/LoanApplicationRepository$MockitoMock$U9d9Bqca$auxiliary$tUklkYhZ with JaCoCo 0.8.12.202403310830/dbfb6f2.
	at org.jacoco.agent.rt.internal_aeaf9ab.CoverageTransformer.transform(CoverageTransformer.java:94)
	at java.instrument/java.lang.instrument.ClassFileTransformer.transform(ClassFileTransformer.java:257)
	at java.instrument/sun.instrument.TransformerManager.transform(TransformerManager.java:188)
	at java.instrument/sun.instrument.InstrumentationImpl.transform(InstrumentationImpl.java:594)
	at java.base/java.lang.ClassLoader.defineClass0(Native Method)
	at java.base/java.lang.System$1.defineClass(System.java:2054)
	at java.base/java.lang.invoke.MethodHandles$Lookup$ClassDefiner.defineClass(MethodHandles.java:2356)
	at java.base/java.lang.invoke.MethodHandles$Lookup$ClassDefiner.defineClass(MethodHandles.java:2331)
	at java.base/java.lang.invoke.MethodHandles$Lookup.defineClass(MethodHandles.java:1755)
	at java.base/jdk.internal.reflect.DirectMethodHandleAccessor.invoke(DirectMethodHandleAccessor.java:104)
	at java.base/java.lang.reflect.Method.invoke(Method.java:565)
	at net.bytebuddy.utility.Invoker$Dispatcher.invoke(Unknown Source)
	at net.bytebuddy.utility.dispatcher.JavaDispatcher$Dispatcher$ForNonStaticMethod.invoke(JavaDispatcher.java:1049)
	at net.bytebuddy.utility.dispatcher.JavaDispatcher$ProxiedInvocationHandler.invoke(JavaDispatcher.java:1179)
	at jdk.proxy2/jdk.proxy2.$Proxy196.defineClass(Unknown Source)
	at net.bytebuddy.dynamic.loading.ClassInjector$UsingLookup.injectRaw(ClassInjector.java:1731)
	at net.bytebuddy.dynamic.loading.ClassInjector$AbstractBase.injectRaw(ClassInjector.java:202)
	at net.bytebuddy.dynamic.loading.ClassInjector$AbstractBase.inject(ClassInjector.java:190)
	at net.bytebuddy.dynamic.loading.ClassLoadingStrategy$UsingLookup.load(ClassLoadingStrategy.java:558)
	at net.bytebuddy.dynamic.TypeResolutionStrategy$Passive.initialize(TypeResolutionStrategy.java:101)
	at net.bytebuddy.dynamic.DynamicType$Default$Unloaded.load(DynamicType.java:7725)
	at org.mockito.internal.creation.bytebuddy.SubclassBytecodeGenerator.mockClass(SubclassBytecodeGenerator.java:285)
	at org.mockito.internal.creation.bytebuddy.TypeCachingBytecodeGenerator.lambda$mockClass$0(TypeCachingBytecodeGenerator.java:78)
	at net.bytebuddy.TypeCache.findOrInsert(TypeCache.java:172)
	at net.bytebuddy.TypeCache$WithInlineExpunction.findOrInsert(TypeCache.java:403)
	at net.bytebuddy.TypeCache.findOrInsert(TypeCache.java:194)
	at net.bytebuddy.TypeCache$WithInlineExpunction.findOrInsert(TypeCache.java:414)
	at org.mockito.internal.creation.bytebuddy.TypeCachingBytecodeGenerator.mockClass(TypeCachingBytecodeGenerator.java:75)
	at org.mockito.internal.creation.bytebuddy.InlineBytecodeGenerator.mockClass(InlineBytecodeGenerator.java:242)
	at org.mockito.internal.creation.bytebuddy.TypeCachingBytecodeGenerator.lambda$mockClass$0(TypeCachingBytecodeGenerator.java:78)
	at net.bytebuddy.TypeCache.findOrInsert(TypeCache.java:172)
	at net.bytebuddy.TypeCache$WithInlineExpunction.findOrInsert(TypeCache.java:403)
	at net.bytebuddy.TypeCache.findOrInsert(TypeCache.java:194)
	at net.bytebuddy.TypeCache$WithInlineExpunction.findOrInsert(TypeCache.java:414)
	at org.mockito.internal.creation.bytebuddy.TypeCachingBytecodeGenerator.mockClass(TypeCachingBytecodeGenerator.java:75)
	at org.mockito.internal.creation.bytebuddy.InlineDelegateByteBuddyMockMaker.createMockType(InlineDelegateByteBuddyMockMaker.java:434)
	at org.mockito.internal.creation.bytebuddy.InlineDelegateByteBuddyMockMaker.doCreateMock(InlineDelegateByteBuddyMockMaker.java:393)
	at org.mockito.internal.creation.bytebuddy.InlineDelegateByteBuddyMockMaker.createMock(InlineDelegateByteBuddyMockMaker.java:372)
	at org.mockito.internal.creation.bytebuddy.InlineByteBuddyMockMaker.createMock(InlineByteBuddyMockMaker.java:56)
	at org.mockito.internal.util.MockUtil.createMock(MockUtil.java:99)
	at org.mockito.internal.MockitoCore.mock(MockitoCore.java:80)
	at org.mockito.Mockito.mock(Mockito.java:2235)
	at org.mockito.internal.configuration.MockAnnotationProcessor.processAnnotationForMock(MockAnnotationProcessor.java:79)
	at org.mockito.internal.configuration.MockAnnotationProcessor.process(MockAnnotationProcessor.java:28)
	at org.mockito.internal.configuration.MockAnnotationProcessor.process(MockAnnotationProcessor.java:25)
	at org.mockito.internal.configuration.IndependentAnnotationEngine.createMockFor(IndependentAnnotationEngine.java:44)
	at org.mockito.internal.configuration.IndependentAnnotationEngine.process(IndependentAnnotationEngine.java:72)
	at org.mockito.internal.configuration.InjectingAnnotationEngine.processIndependentAnnotations(InjectingAnnotationEngine.java:62)
	at org.mockito.internal.configuration.InjectingAnnotationEngine.process(InjectingAnnotationEngine.java:47)
	at org.mockito.MockitoAnnotations.openMocks(MockitoAnnotations.java:81)
	at org.mockito.internal.framework.DefaultMockitoSession.<init>(DefaultMockitoSession.java:43)
	at org.mockito.internal.session.DefaultMockitoSessionBuilder.startMocking(DefaultMockitoSessionBuilder.java:83)
	at org.mockito.junit.jupiter.MockitoExtension.beforeEach(MockitoExtension.java:160)
	at org.junit.jupiter.engine.descriptor.CallbackSupport.lambda$invokeBeforeCallbacks$0(CallbackSupport.java:34)
	at org.junit.platform.engine.support.hierarchical.ThrowableCollector.execute(ThrowableCollector.java:74)
	at org.junit.jupiter.engine.descriptor.CallbackSupport.invokeBeforeCallbacks(CallbackSupport.java:34)
	at org.junit.jupiter.engine.descriptor.TestMethodTestDescriptor.invokeBeforeEachCallbacks(TestMethodTestDescriptor.java:184)
	at org.junit.jupiter.engine.descriptor.TestMethodTestDescriptor.execute(TestMethodTestDescriptor.java:151)
	at org.junit.jupiter.engine.descriptor.TestMethodTestDescriptor.execute(TestMethodTestDescriptor.java:70)
	at org.junit.platform.engine.support.hierarchical.NodeTestTask.lambda$executeRecursively$2(NodeTestTask.java:176)
	at org.junit.platform.engine.support.hierarchical.ThrowableCollector.execute(ThrowableCollector.java:74)
	at org.junit.platform.engine.support.hierarchical.NodeTestTask.lambda$executeRecursively$1(NodeTestTask.java:166)
	at org.junit.platform.engine.support.hierarchical.Node.around(Node.java:138)
	at org.junit.platform.engine.support.hierarchical.NodeTestTask.lambda$executeRecursively$0(NodeTestTask.java:164)
	at org.junit.platform.engine.support.hierarchical.ThrowableCollector.execute(ThrowableCollector.java:74)
	at org.junit.platform.engine.support.hierarchical.NodeTestTask.executeRecursively(NodeTestTask.java:163)
	at org.junit.platform.engine.support.hierarchical.NodeTestTask.execute(NodeTestTask.java:116)
	at java.base/java.util.ArrayList.forEach(ArrayList.java:1612)
	at org.junit.platform.engine.support.hierarchical.SameThreadHierarchicalTestExecutorService.invokeAll(SameThreadHierarchicalTestExecutorService.java:42)
	at org.junit.platform.engine.support.hierarchical.NodeTestTask.lambda$executeRecursively$2(NodeTestTask.java:180)
	at org.junit.platform.engine.support.hierarchical.ThrowableCollector.execute(ThrowableCollector.java:74)
	at org.junit.platform.engine.support.hierarchical.NodeTestTask.lambda$executeRecursively$1(NodeTestTask.java:166)
	at org.junit.platform.engine.support.hierarchical.Node.around(Node.java:138)
	at org.junit.platform.engine.support.hierarchical.NodeTestTask.lambda$executeRecursively$0(NodeTestTask.java:164)
	at org.junit.platform.engine.support.hierarchical.ThrowableCollector.execute(ThrowableCollector.java:74)
	at org.junit.platform.engine.support.hierarchical.NodeTestTask.executeRecursively(NodeTestTask.java:163)
	at org.junit.platform.engine.support.hierarchical.NodeTestTask.execute(NodeTestTask.java:116)
	at java.base/java.util.ArrayList.forEach(ArrayList.java:1612)
	at org.junit.platform.engine.support.hierarchical.SameThreadHierarchicalTestExecutorService.invokeAll(SameThreadHierarchicalTestExecutorService.java:42)
	at org.junit.platform.engine.support.hierarchical.NodeTestTask.lambda$executeRecursively$2(NodeTestTask.java:180)
	at org.junit.platform.engine.support.hierarchical.ThrowableCollector.execute(ThrowableCollector.java:74)
	at org.junit.platform.engine.support.hierarchical.NodeTestTask.lambda$executeRecursively$1(NodeTestTask.java:166)
	at org.junit.platform.engine.support.hierarchical.Node.around(Node.java:138)
	at org.junit.platform.engine.support.hierarchical.NodeTestTask.lambda$executeRecursively$0(NodeTestTask.java:164)
	at org.junit.platform.engine.support.hierarchical.ThrowableCollector.execute(ThrowableCollector.java:74)
	at org.junit.platform.engine.support.hierarchical.NodeTestTask.executeRecursively(NodeTestTask.java:163)
	at org.junit.platform.engine.support.hierarchical.NodeTestTask.execute(NodeTestTask.java:116)
	at org.junit.platform.engine.support.hierarchical.SameThreadHierarchicalTestExecutorService.submit(SameThreadHierarchicalTestExecutorService.java:36)
	at org.junit.platform.engine.support.hierarchical.HierarchicalTestExecutor.execute(HierarchicalTestExecutor.java:52)
	at org.junit.platform.engine.support.hierarchical.HierarchicalTestEngine.execute(HierarchicalTestEngine.java:58)
	at org.junit.platform.launcher.core.EngineExecutionOrchestrator.executeEngine(EngineExecutionOrchestrator.java:246)
	at org.junit.platform.launcher.core.EngineExecutionOrchestrator.failOrExecuteEngine(EngineExecutionOrchestrator.java:218)
	at org.junit.platform.launcher.core.EngineExecutionOrchestrator.execute(EngineExecutionOrchestrator.java:179)
	at org.junit.platform.launcher.core.EngineExecutionOrchestrator.execute(EngineExecutionOrchestrator.java:108)
	at org.junit.platform.launcher.core.EngineExecutionOrchestrator.lambda$execute$0(EngineExecutionOrchestrator.java:66)
	at org.junit.platform.launcher.core.EngineExecutionOrchestrator.withInterceptedStreams(EngineExecutionOrchestrator.java:157)
	at org.junit.platform.launcher.core.EngineExecutionOrchestrator.execute(EngineExecutionOrchestrator.java:65)
	at org.junit.platform.launcher.core.DefaultLauncher.execute(DefaultLauncher.java:125)
	at org.junit.platform.launcher.core.DefaultLauncher.execute(DefaultLauncher.java:114)
	at org.junit.platform.launcher.core.DelegatingLauncher.execute(DelegatingLauncher.java:58)
	at org.junit.platform.launcher.core.InterceptingLauncher.lambda$execute$2(InterceptingLauncher.java:57)
	at org.junit.platform.launcher.core.ClasspathAlignmentCheckingLauncherInterceptor.intercept(ClasspathAlignmentCheckingLauncherInterceptor.java:25)
	at org.junit.platform.launcher.core.InterceptingLauncher.execute(InterceptingLauncher.java:56)
	at org.junit.platform.launcher.core.DelegatingLauncher.execute(DelegatingLauncher.java:58)
	at java.base/jdk.internal.reflect.DirectMethodHandleAccessor.invoke(DirectMethodHandleAccessor.java:104)
	at java.base/java.lang.reflect.Method.invoke(Method.java:565)
	at org.apache.maven.surefire.api.util.ReflectionUtils.invokeMethodWithArray(ReflectionUtils.java:125)
	at org.apache.maven.surefire.junitplatform.LauncherAdapter.executeWithCancellationToken(LauncherAdapter.java:68)
	at org.apache.maven.surefire.junitplatform.LauncherAdapter.execute(LauncherAdapter.java:54)
	at org.apache.maven.surefire.junitplatform.JUnitPlatformProvider.execute(JUnitPlatformProvider.java:203)
	at org.apache.maven.surefire.junitplatform.JUnitPlatformProvider.invokeAllTests(JUnitPlatformProvider.java:168)
	at org.apache.maven.surefire.junitplatform.JUnitPlatformProvider.invoke(JUnitPlatformProvider.java:136)
	at org.apache.maven.surefire.booter.ForkedBooter.runSuitesInProcess(ForkedBooter.java:385)
	at org.apache.maven.surefire.booter.ForkedBooter.execute(ForkedBooter.java:162)
	at org.apache.maven.surefire.booter.ForkedBooter.run(ForkedBooter.java:507)
	at org.apache.maven.surefire.booter.ForkedBooter.main(ForkedBooter.java:495)
Caused by: java.io.IOException: Error while instrumenting com/example/training/repository/LoanApplicationRepository$MockitoMock$U9d9Bqca$auxiliary$tUklkYhZ with JaCoCo 0.8.12.202403310830/dbfb6f2.
	at org.jacoco.agent.rt.internal_aeaf9ab.core.instr.Instrumenter.instrumentError(Instrumenter.java:161)
	at org.jacoco.agent.rt.internal_aeaf9ab.core.instr.Instrumenter.instrument(Instrumenter.java:111)
	at org.jacoco.agent.rt.internal_aeaf9ab.CoverageTransformer.transform(CoverageTransformer.java:92)
	... 115 more
Caused by: java.lang.IllegalArgumentException: Unsupported class file major version 70
	at org.jacoco.agent.rt.internal_aeaf9ab.asm.ClassReader.<init>(ClassReader.java:200)
	at org.jacoco.agent.rt.internal_aeaf9ab.asm.ClassReader.<init>(ClassReader.java:180)
	at org.jacoco.agent.rt.internal_aeaf9ab.asm.ClassReader.<init>(ClassReader.java:166)
	at org.jacoco.agent.rt.internal_aeaf9ab.core.internal.instr.InstrSupport.classReaderFor(InstrSupport.java:280)
	at org.jacoco.agent.rt.internal_aeaf9ab.core.instr.Instrumenter.instrument(Instrumenter.java:77)
	at org.jacoco.agent.rt.internal_aeaf9ab.core.instr.Instrumenter.instrument(Instrumenter.java:109)
	... 116 more
java.lang.instrument.IllegalClassFormatException: Error while instrumenting com/example/training/repository/LoanApplicationRepository$MockitoMock$U9d9Bqca$auxiliary$pxOCQCFw with JaCoCo 0.8.12.202403310830/dbfb6f2.
	at org.jacoco.agent.rt.internal_aeaf9ab.CoverageTransformer.transform(CoverageTransformer.java:94)
	at java.instrument/java.lang.instrument.ClassFileTransformer.transform(ClassFileTransformer.java:257)
	at java.instrument/sun.instrument.TransformerManager.transform(TransformerManager.java:188)
	at java.instrument/sun.instrument.InstrumentationImpl.transform(InstrumentationImpl.java:594)
	at java.base/java.lang.ClassLoader.defineClass0(Native Method)
	at java.base/java.lang.System$1.defineClass(System.java:2054)
	at java.base/java.lang.invoke.MethodHandles$Lookup$ClassDefiner.defineClass(MethodHandles.java:2356)
	at java.base/java.lang.invoke.MethodHandles$Lookup$ClassDefiner.defineClass(MethodHandles.java:2331)
	at java.base/java.lang.invoke.MethodHandles$Lookup.defineClass(MethodHandles.java:1755)
	at java.base/jdk.internal.reflect.DirectMethodHandleAccessor.invoke(DirectMethodHandleAccessor.java:104)
	at java.base/java.lang.reflect.Method.invoke(Method.java:565)
	at net.bytebuddy.utility.Invoker$Dispatcher.invoke(Unknown Source)
	at net.bytebuddy.utility.dispatcher.JavaDispatcher$Dispatcher$ForNonStaticMethod.invoke(JavaDispatcher.java:1049)
	at net.bytebuddy.utility.dispatcher.JavaDispatcher$ProxiedInvocationHandler.invoke(JavaDispatcher.java:1179)
	at jdk.proxy2/jdk.proxy2.$Proxy196.defineClass(Unknown Source)
	at net.bytebuddy.dynamic.loading.ClassInjector$UsingLookup.injectRaw(ClassInjector.java:1731)
	at net.bytebuddy.dynamic.loading.ClassInjector$AbstractBase.injectRaw(ClassInjector.java:202)
	at net.bytebuddy.dynamic.loading.ClassInjector$AbstractBase.inject(ClassInjector.java:190)
	at net.bytebuddy.dynamic.loading.ClassLoadingStrategy$UsingLookup.load(ClassLoadingStrategy.java:558)
	at net.bytebuddy.dynamic.TypeResolutionStrategy$Passive.initialize(TypeResolutionStrategy.java:101)
	at net.bytebuddy.dynamic.DynamicType$Default$Unloaded.load(DynamicType.java:7725)
	at org.mockito.internal.creation.bytebuddy.SubclassBytecodeGenerator.mockClass(SubclassBytecodeGenerator.java:285)
	at org.mockito.internal.creation.bytebuddy.TypeCachingBytecodeGenerator.lambda$mockClass$0(TypeCachingBytecodeGenerator.java:78)
	at net.bytebuddy.TypeCache.findOrInsert(TypeCache.java:172)
	at net.bytebuddy.TypeCache$WithInlineExpunction.findOrInsert(TypeCache.java:403)
	at net.bytebuddy.TypeCache.findOrInsert(TypeCache.java:194)
	at net.bytebuddy.TypeCache$WithInlineExpunction.findOrInsert(TypeCache.java:414)
	at org.mockito.internal.creation.bytebuddy.TypeCachingBytecodeGenerator.mockClass(TypeCachingBytecodeGenerator.java:75)
	at org.mockito.internal.creation.bytebuddy.InlineBytecodeGenerator.mockClass(InlineBytecodeGenerator.java:242)
	at org.mockito.internal.creation.bytebuddy.TypeCachingBytecodeGenerator.lambda$mockClass$0(TypeCachingBytecodeGenerator.java:78)
	at net.bytebuddy.TypeCache.findOrInsert(TypeCache.java:172)
	at net.bytebuddy.TypeCache$WithInlineExpunction.findOrInsert(TypeCache.java:403)
	at net.bytebuddy.TypeCache.findOrInsert(TypeCache.java:194)
	at net.bytebuddy.TypeCache$WithInlineExpunction.findOrInsert(TypeCache.java:414)
	at org.mockito.internal.creation.bytebuddy.TypeCachingBytecodeGenerator.mockClass(TypeCachingBytecodeGenerator.java:75)
	at org.mockito.internal.creation.bytebuddy.InlineDelegateByteBuddyMockMaker.createMockType(InlineDelegateByteBuddyMockMaker.java:434)
	at org.mockito.internal.creation.bytebuddy.InlineDelegateByteBuddyMockMaker.doCreateMock(InlineDelegateByteBuddyMockMaker.java:393)
	at org.mockito.internal.creation.bytebuddy.InlineDelegateByteBuddyMockMaker.createMock(InlineDelegateByteBuddyMockMaker.java:372)
	at org.mockito.internal.creation.bytebuddy.InlineByteBuddyMockMaker.createMock(InlineByteBuddyMockMaker.java:56)
	at org.mockito.internal.util.MockUtil.createMock(MockUtil.java:99)
	at org.mockito.internal.MockitoCore.mock(MockitoCore.java:80)
	at org.mockito.Mockito.mock(Mockito.java:2235)
	at org.mockito.internal.configuration.MockAnnotationProcessor.processAnnotationForMock(MockAnnotationProcessor.java:79)
	at org.mockito.internal.configuration.MockAnnotationProcessor.process(MockAnnotationProcessor.java:28)
	at org.mockito.internal.configuration.MockAnnotationProcessor.process(MockAnnotationProcessor.java:25)
	at org.mockito.internal.configuration.IndependentAnnotationEngine.createMockFor(IndependentAnnotationEngine.java:44)
	at org.mockito.internal.configuration.IndependentAnnotationEngine.process(IndependentAnnotationEngine.java:72)
	at org.mockito.internal.configuration.InjectingAnnotationEngine.processIndependentAnnotations(InjectingAnnotationEngine.java:62)
	at org.mockito.internal.configuration.InjectingAnnotationEngine.process(InjectingAnnotationEngine.java:47)
	at org.mockito.MockitoAnnotations.openMocks(MockitoAnnotations.java:81)
	at org.mockito.internal.framework.DefaultMockitoSession.<init>(DefaultMockitoSession.java:43)
	at org.mockito.internal.session.DefaultMockitoSessionBuilder.startMocking(DefaultMockitoSessionBuilder.java:83)
	at org.mockito.junit.jupiter.MockitoExtension.beforeEach(MockitoExtension.java:160)
	at org.junit.jupiter.engine.descriptor.CallbackSupport.lambda$invokeBeforeCallbacks$0(CallbackSupport.java:34)
	at org.junit.platform.engine.support.hierarchical.ThrowableCollector.execute(ThrowableCollector.java:74)
	at org.junit.jupiter.engine.descriptor.CallbackSupport.invokeBeforeCallbacks(CallbackSupport.java:34)
	at org.junit.jupiter.engine.descriptor.TestMethodTestDescriptor.invokeBeforeEachCallbacks(TestMethodTestDescriptor.java:184)
	at org.junit.jupiter.engine.descriptor.TestMethodTestDescriptor.execute(TestMethodTestDescriptor.java:151)
	at org.junit.jupiter.engine.descriptor.TestMethodTestDescriptor.execute(TestMethodTestDescriptor.java:70)
	at org.junit.platform.engine.support.hierarchical.NodeTestTask.lambda$executeRecursively$2(NodeTestTask.java:176)
	at org.junit.platform.engine.support.hierarchical.ThrowableCollector.execute(ThrowableCollector.java:74)
	at org.junit.platform.engine.support.hierarchical.NodeTestTask.lambda$executeRecursively$1(NodeTestTask.java:166)
	at org.junit.platform.engine.support.hierarchical.Node.around(Node.java:138)
	at org.junit.platform.engine.support.hierarchical.NodeTestTask.lambda$executeRecursively$0(NodeTestTask.java:164)
	at org.junit.platform.engine.support.hierarchical.ThrowableCollector.execute(ThrowableCollector.java:74)
	at org.junit.platform.engine.support.hierarchical.NodeTestTask.executeRecursively(NodeTestTask.java:163)
	at org.junit.platform.engine.support.hierarchical.NodeTestTask.execute(NodeTestTask.java:116)
	at java.base/java.util.ArrayList.forEach(ArrayList.java:1612)
	at org.junit.platform.engine.support.hierarchical.SameThreadHierarchicalTestExecutorService.invokeAll(SameThreadHierarchicalTestExecutorService.java:42)
	at org.junit.platform.engine.support.hierarchical.NodeTestTask.lambda$executeRecursively$2(NodeTestTask.java:180)
	at org.junit.platform.engine.support.hierarchical.ThrowableCollector.execute(ThrowableCollector.java:74)
	at org.junit.platform.engine.support.hierarchical.NodeTestTask.lambda$executeRecursively$1(NodeTestTask.java:166)
	at org.junit.platform.engine.support.hierarchical.Node.around(Node.java:138)
	at org.junit.platform.engine.support.hierarchical.NodeTestTask.lambda$executeRecursively$0(NodeTestTask.java:164)
	at org.junit.platform.engine.support.hierarchical.ThrowableCollector.execute(ThrowableCollector.java:74)
	at org.junit.platform.engine.support.hierarchical.NodeTestTask.executeRecursively(NodeTestTask.java:163)
	at org.junit.platform.engine.support.hierarchical.NodeTestTask.execute(NodeTestTask.java:116)
	at java.base/java.util.ArrayList.forEach(ArrayList.java:1612)
	at org.junit.platform.engine.support.hierarchical.SameThreadHierarchicalTestExecutorService.invokeAll(SameThreadHierarchicalTestExecutorService.java:42)
	at org.junit.platform.engine.support.hierarchical.NodeTestTask.lambda$executeRecursively$2(NodeTestTask.java:180)
	at org.junit.platform.engine.support.hierarchical.ThrowableCollector.execute(ThrowableCollector.java:74)
	at org.junit.platform.engine.support.hierarchical.NodeTestTask.lambda$executeRecursively$1(NodeTestTask.java:166)
	at org.junit.platform.engine.support.hierarchical.Node.around(Node.java:138)
	at org.junit.platform.engine.support.hierarchical.NodeTestTask.lambda$executeRecursively$0(NodeTestTask.java:164)
	at org.junit.platform.engine.support.hierarchical.ThrowableCollector.execute(ThrowableCollector.java:74)
	at org.junit.platform.engine.support.hierarchical.NodeTestTask.executeRecursively(NodeTestTask.java:163)
	at org.junit.platform.engine.support.hierarchical.NodeTestTask.execute(NodeTestTask.java:116)
	at org.junit.platform.engine.support.hierarchical.SameThreadHierarchicalTestExecutorService.submit(SameThreadHierarchicalTestExecutorService.java:36)
	at org.junit.platform.engine.support.hierarchical.HierarchicalTestExecutor.execute(HierarchicalTestExecutor.java:52)
	at org.junit.platform.engine.support.hierarchical.HierarchicalTestEngine.execute(HierarchicalTestEngine.java:58)
	at org.junit.platform.launcher.core.EngineExecutionOrchestrator.executeEngine(EngineExecutionOrchestrator.java:246)
	at org.junit.platform.launcher.core.EngineExecutionOrchestrator.failOrExecuteEngine(EngineExecutionOrchestrator.java:218)
	at org.junit.platform.launcher.core.EngineExecutionOrchestrator.execute(EngineExecutionOrchestrator.java:179)
	at org.junit.platform.launcher.core.EngineExecutionOrchestrator.execute(EngineExecutionOrchestrator.java:108)
	at org.junit.platform.launcher.core.EngineExecutionOrchestrator.lambda$execute$0(EngineExecutionOrchestrator.java:66)
	at org.junit.platform.launcher.core.EngineExecutionOrchestrator.withInterceptedStreams(EngineExecutionOrchestrator.java:157)
	at org.junit.platform.launcher.core.EngineExecutionOrchestrator.execute(EngineExecutionOrchestrator.java:65)
	at org.junit.platform.launcher.core.DefaultLauncher.execute(DefaultLauncher.java:125)
	at org.junit.platform.launcher.core.DefaultLauncher.execute(DefaultLauncher.java:114)
	at org.junit.platform.launcher.core.DelegatingLauncher.execute(DelegatingLauncher.java:58)
	at org.junit.platform.launcher.core.InterceptingLauncher.lambda$execute$2(InterceptingLauncher.java:57)
	at org.junit.platform.launcher.core.ClasspathAlignmentCheckingLauncherInterceptor.intercept(ClasspathAlignmentCheckingLauncherInterceptor.java:25)
	at org.junit.platform.launcher.core.InterceptingLauncher.execute(InterceptingLauncher.java:56)
	at org.junit.platform.launcher.core.DelegatingLauncher.execute(DelegatingLauncher.java:58)
	at java.base/jdk.internal.reflect.DirectMethodHandleAccessor.invoke(DirectMethodHandleAccessor.java:104)
	at java.base/java.lang.reflect.Method.invoke(Method.java:565)
	at org.apache.maven.surefire.api.util.ReflectionUtils.invokeMethodWithArray(ReflectionUtils.java:125)
	at org.apache.maven.surefire.junitplatform.LauncherAdapter.executeWithCancellationToken(LauncherAdapter.java:68)
	at org.apache.maven.surefire.junitplatform.LauncherAdapter.execute(LauncherAdapter.java:54)
	at org.apache.maven.surefire.junitplatform.JUnitPlatformProvider.execute(JUnitPlatformProvider.java:203)
	at org.apache.maven.surefire.junitplatform.JUnitPlatformProvider.invokeAllTests(JUnitPlatformProvider.java:168)
	at org.apache.maven.surefire.junitplatform.JUnitPlatformProvider.invoke(JUnitPlatformProvider.java:136)
	at org.apache.maven.surefire.booter.ForkedBooter.runSuitesInProcess(ForkedBooter.java:385)
	at org.apache.maven.surefire.booter.ForkedBooter.execute(ForkedBooter.java:162)
	at org.apache.maven.surefire.booter.ForkedBooter.run(ForkedBooter.java:507)
	at org.apache.maven.surefire.booter.ForkedBooter.main(ForkedBooter.java:495)
Caused by: java.io.IOException: Error while instrumenting com/example/training/repository/LoanApplicationRepository$MockitoMock$U9d9Bqca$auxiliary$pxOCQCFw with JaCoCo 0.8.12.202403310830/dbfb6f2.
	at org.jacoco.agent.rt.internal_aeaf9ab.core.instr.Instrumenter.instrumentError(Instrumenter.java:161)
	at org.jacoco.agent.rt.internal_aeaf9ab.core.instr.Instrumenter.instrument(Instrumenter.java:111)
	at org.jacoco.agent.rt.internal_aeaf9ab.CoverageTransformer.transform(CoverageTransformer.java:92)
	... 115 more
Caused by: java.lang.IllegalArgumentException: Unsupported class file major version 70
	at org.jacoco.agent.rt.internal_aeaf9ab.asm.ClassReader.<init>(ClassReader.java:200)
	at org.jacoco.agent.rt.internal_aeaf9ab.asm.ClassReader.<init>(ClassReader.java:180)
	at org.jacoco.agent.rt.internal_aeaf9ab.asm.ClassReader.<init>(ClassReader.java:166)
	at org.jacoco.agent.rt.internal_aeaf9ab.core.internal.instr.InstrSupport.classReaderFor(InstrSupport.java:280)
	at org.jacoco.agent.rt.internal_aeaf9ab.core.instr.Instrumenter.instrument(Instrumenter.java:77)
	at org.jacoco.agent.rt.internal_aeaf9ab.core.instr.Instrumenter.instrument(Instrumenter.java:109)
	... 116 more
]]></system-err>
  </testcase>
  <testcase name="should_reject_loan_when_user_is_approver" classname="com.example.training.service.LoanApplicationServiceTest" time="0.001">
    <system-out><![CDATA[2026-06-23T20:50:34.198+07:00 DEBUG 72971 --- [training] [           main] c.e.t.service.LoanApplicationService     : event=loan_update_status_request loan_id=d3058376-8170-4211-9de9-9d53e02b3d05 from=SUBMITTED to=REJECTED correlation_id=null
2026-06-23T20:50:34.198+07:00 DEBUG 72971 --- [training] [           main] c.e.t.service.LoanApplicationService     : event=loan_validate_transition from=SUBMITTED to=REJECTED correlation_id=null
2026-06-23T20:50:34.198+07:00 DEBUG 72971 --- [training] [           main] c.e.t.service.LoanApplicationService     : event=loan_save_after_status_change loan_id=d3058376-8170-4211-9de9-9d53e02b3d05 correlation_id=null
2026-06-23T20:50:34.198+07:00  INFO 72971 --- [training] [           main] c.e.t.service.LoanApplicationService     : event=loan_application_rejected loan_id=d3058376-8170-4211-9de9-9d53e02b3d05 from_status=SUBMITTED to_status=REJECTED correlation_id=null
2026-06-23T20:50:34.198+07:00 DEBUG 72971 --- [training] [           main] c.e.t.service.LoanApplicationService     : event=loan_update_status_complete loan_id=d3058376-8170-4211-9de9-9d53e02b3d05 final_status=REJECTED correlation_id=null
]]></system-out>
  </testcase>
  <testcase name="should_throw_when_closing_loan_with_some_schedules_unpaid" classname="com.example.training.service.LoanApplicationServiceTest" time="0.001">
    <system-out><![CDATA[2026-06-23T20:50:34.199+07:00 DEBUG 72971 --- [training] [           main] c.e.t.service.LoanApplicationService     : event=loan_update_status_request loan_id=55f18768-6622-4250-b76f-48212ae7e7b8 from=DISBURSED to=CLOSED correlation_id=null
2026-06-23T20:50:34.199+07:00 DEBUG 72971 --- [training] [           main] c.e.t.service.LoanApplicationService     : event=loan_validate_transition from=DISBURSED to=CLOSED correlation_id=null
]]></system-out>
  </testcase>
  <testcase name="should_create_loan_application_successfully" classname="com.example.training.service.LoanApplicationServiceTest" time="0.0">
    <system-out><![CDATA[2026-06-23T20:50:34.200+07:00 DEBUG 72971 --- [training] [           main] c.e.t.service.LoanApplicationService     : event=loan_create_request customer_id=6e52276f-142b-4841-b48b-b7f5ac244f01 loan_amount=5000000 tenor=3 correlation_id=null
2026-06-23T20:50:34.200+07:00 DEBUG 72971 --- [training] [           main] c.e.t.service.LoanApplicationService     : event=loan_save_request correlation_id=null
2026-06-23T20:50:34.200+07:00 DEBUG 72971 --- [training] [           main] c.e.t.service.LoanApplicationService     : event=loan_saved loan_id=53129fcd-a88e-4a64-bafa-61c2ab3094f2 customer_id=6e52276f-142b-4841-b48b-b7f5ac244f01 correlation_id=null
2026-06-23T20:50:34.200+07:00  INFO 72971 --- [training] [           main] c.e.t.service.LoanApplicationService     : event=loan_application_submitted loan_id=53129fcd-a88e-4a64-bafa-61c2ab3094f2 customer_id=6e52276f-142b-4841-b48b-b7f5ac244f01 correlation_id=null
]]></system-out>
  </testcase>
  <testcase name="should_throw_on_invalid_status" classname="com.example.training.service.LoanApplicationServiceTest" time="0.0">
    <system-out><![CDATA[2026-06-23T20:50:34.201+07:00 DEBUG 72971 --- [training] [           main] c.e.t.service.LoanApplicationService     : event=loan_find_by_status status=invalid correlation_id=null
]]></system-out>
  </testcase>
  <testcase name="should_throw_when_update_status_not_found" classname="com.example.training.service.LoanApplicationServiceTest" time="0.001">
    <system-out><![CDATA[2026-06-23T20:50:34.202+07:00  WARN 72971 --- [training] [           main] c.e.t.service.LoanApplicationService     : event=loan_not_found loan_id=acaca73e-4390-49c1-a19e-a48e7e545bf6 correlation_id=null
]]></system-out>
  </testcase>
  <testcase name="should_get_loan_application_by_id_successfully" classname="com.example.training.service.LoanApplicationServiceTest" time="0.0"/>
  <testcase name="should_find_by_status_successfully" classname="com.example.training.service.LoanApplicationServiceTest" time="0.0">
    <system-out><![CDATA[2026-06-23T20:50:34.203+07:00 DEBUG 72971 --- [training] [           main] c.e.t.service.LoanApplicationService     : event=loan_find_by_status status=submitted correlation_id=null
2026-06-23T20:50:34.203+07:00 DEBUG 72971 --- [training] [           main] c.e.t.service.LoanApplicationService     : event=loan_find_by_status_result status=submitted count=1 correlation_id=null
]]></system-out>
  </testcase>
  <testcase name="should_throw_not_found_when_loan_application_does_not_exist" classname="com.example.training.service.LoanApplicationServiceTest" time="0.001">
    <system-out><![CDATA[2026-06-23T20:50:34.204+07:00  WARN 72971 --- [training] [           main] c.e.t.service.LoanApplicationService     : event=loan_not_found loan_id=8e20af47-32a9-4883-9da9-8afce3cdd13f correlation_id=null
]]></system-out>
  </testcase>
  <testcase name="should_throw_forbidden_when_staff_tries_to_reject_loan" classname="com.example.training.service.LoanApplicationServiceTest" time="0.001"/>
  <testcase name="should_throw_when_loan_already_in_final_status_rejected" classname="com.example.training.service.LoanApplicationServiceTest" time="0.0">
    <system-out><![CDATA[2026-06-23T20:50:34.205+07:00 DEBUG 72971 --- [training] [           main] c.e.t.service.LoanApplicationService     : event=loan_update_status_request loan_id=64e1e640-c810-4f06-95f7-70f75b3988b0 from=REJECTED to=APPROVED correlation_id=null
2026-06-23T20:50:34.205+07:00 DEBUG 72971 --- [training] [           main] c.e.t.service.LoanApplicationService     : event=loan_validate_transition from=REJECTED to=APPROVED correlation_id=null
]]></system-out>
  </testcase>
  <testcase name="should_throw_not_found_when_customer_does_not_exist" classname="com.example.training.service.LoanApplicationServiceTest" time="0.001">
    <system-out><![CDATA[2026-06-23T20:50:34.206+07:00 DEBUG 72971 --- [training] [           main] c.e.t.service.LoanApplicationService     : event=loan_create_request customer_id=6e52276f-142b-4841-b48b-b7f5ac244f01 loan_amount=5000000 tenor=3 correlation_id=null
2026-06-23T20:50:34.206+07:00  WARN 72971 --- [training] [           main] c.e.t.service.LoanApplicationService     : event=loan_submit_failed reason=customer_not_found customer_id=6e52276f-142b-4841-b48b-b7f5ac244f01 correlation_id=null
]]></system-out>
  </testcase>
  <testcase name="should_find_all_loan_applications" classname="com.example.training.service.LoanApplicationServiceTest" time="0.001">
    <system-out><![CDATA[2026-06-23T20:50:34.207+07:00 DEBUG 72971 --- [training] [           main] c.e.t.service.LoanApplicationService     : event=loan_find_all correlation_id=null
2026-06-23T20:50:34.207+07:00 DEBUG 72971 --- [training] [           main] c.e.t.service.LoanApplicationService     : event=loan_find_all_result count=2 correlation_id=null
]]></system-out>
  </testcase>
  <testcase name="should_update_status_to_disbursed_and_generate_schedule" classname="com.example.training.service.LoanApplicationServiceTest" time="0.001">
    <system-out><![CDATA[2026-06-23T20:50:34.207+07:00 DEBUG 72971 --- [training] [           main] c.e.t.service.LoanApplicationService     : event=loan_update_status_request loan_id=e3ba0520-8155-4243-807d-1c93ece459b4 from=APPROVED to=DISBURSED correlation_id=null
2026-06-23T20:50:34.207+07:00 DEBUG 72971 --- [training] [           main] c.e.t.service.LoanApplicationService     : event=loan_validate_transition from=APPROVED to=DISBURSED correlation_id=null
2026-06-23T20:50:34.207+07:00 DEBUG 72971 --- [training] [           main] c.e.t.service.LoanApplicationService     : event=loan_save_after_status_change loan_id=e3ba0520-8155-4243-807d-1c93ece459b4 correlation_id=null
2026-06-23T20:50:34.207+07:00  INFO 72971 --- [training] [           main] c.e.t.service.LoanApplicationService     : event=loan_status_updated loan_id=e3ba0520-8155-4243-807d-1c93ece459b4 from_status=APPROVED to_status=DISBURSED correlation_id=null
2026-06-23T20:50:34.207+07:00 DEBUG 72971 --- [training] [           main] c.e.t.service.LoanApplicationService     : event=loan_generating_schedule loan_id=e3ba0520-8155-4243-807d-1c93ece459b4 correlation_id=null
2026-06-23T20:50:34.207+07:00 DEBUG 72971 --- [training] [           main] c.e.t.service.LoanApplicationService     : event=loan_update_status_complete loan_id=e3ba0520-8155-4243-807d-1c93ece459b4 final_status=DISBURSED correlation_id=null
]]></system-out>
  </testcase>
  <testcase name="should_find_by_customer_id_successfully" classname="com.example.training.service.LoanApplicationServiceTest" time="0.0">
    <system-out><![CDATA[2026-06-23T20:50:34.208+07:00 DEBUG 72971 --- [training] [           main] c.e.t.service.LoanApplicationService     : event=loan_find_by_customer customer_id=6e52276f-142b-4841-b48b-b7f5ac244f01 correlation_id=null
2026-06-23T20:50:34.208+07:00 DEBUG 72971 --- [training] [           main] c.e.t.service.LoanApplicationService     : event=loan_find_by_customer_result customer_id=6e52276f-142b-4841-b48b-b7f5ac244f01 count=1 correlation_id=null
]]></system-out>
  </testcase>
  <testcase name="should_update_status_to_rejected" classname="com.example.training.service.LoanApplicationServiceTest" time="0.0">
    <system-out><![CDATA[2026-06-23T20:50:34.209+07:00 DEBUG 72971 --- [training] [           main] c.e.t.service.LoanApplicationService     : event=loan_update_status_request loan_id=d5d08358-be62-417b-912c-a47b42556615 from=SUBMITTED to=REJECTED correlation_id=null
2026-06-23T20:50:34.209+07:00 DEBUG 72971 --- [training] [           main] c.e.t.service.LoanApplicationService     : event=loan_validate_transition from=SUBMITTED to=REJECTED correlation_id=null
2026-06-23T20:50:34.209+07:00 DEBUG 72971 --- [training] [           main] c.e.t.service.LoanApplicationService     : event=loan_save_after_status_change loan_id=d5d08358-be62-417b-912c-a47b42556615 correlation_id=null
2026-06-23T20:50:34.209+07:00  INFO 72971 --- [training] [           main] c.e.t.service.LoanApplicationService     : event=loan_application_rejected loan_id=d5d08358-be62-417b-912c-a47b42556615 from_status=SUBMITTED to_status=REJECTED correlation_id=null
2026-06-23T20:50:34.209+07:00 DEBUG 72971 --- [training] [           main] c.e.t.service.LoanApplicationService     : event=loan_update_status_complete loan_id=d5d08358-be62-417b-912c-a47b42556615 final_status=REJECTED correlation_id=null
]]></system-out>
  </testcase>
  <testcase name="should_throw_not_found_when_customer_id_does_not_exist_for_find_by" classname="com.example.training.service.LoanApplicationServiceTest" time="0.0">
    <system-out><![CDATA[2026-06-23T20:50:34.210+07:00 DEBUG 72971 --- [training] [           main] c.e.t.service.LoanApplicationService     : event=loan_find_by_customer customer_id=6e52276f-142b-4841-b48b-b7f5ac244f01 correlation_id=null
2026-06-23T20:50:34.210+07:00  WARN 72971 --- [training] [           main] c.e.t.service.LoanApplicationService     : event=customer_not_found customer_id=6e52276f-142b-4841-b48b-b7f5ac244f01 correlation_id=null
]]></system-out>
  </testcase>
  <testcase name="should_throw_when_closing_loan_with_empty_schedules" classname="com.example.training.service.LoanApplicationServiceTest" time="0.001">
    <system-out><![CDATA[2026-06-23T20:50:34.211+07:00 DEBUG 72971 --- [training] [           main] c.e.t.service.LoanApplicationService     : event=loan_update_status_request loan_id=4d0515a0-2924-4ec8-af63-48be09842ec9 from=DISBURSED to=CLOSED correlation_id=null
2026-06-23T20:50:34.211+07:00 DEBUG 72971 --- [training] [           main] c.e.t.service.LoanApplicationService     : event=loan_validate_transition from=DISBURSED to=CLOSED correlation_id=null
]]></system-out>
  </testcase>
  <testcase name="should_throw_forbidden_when_staff_tries_to_approve_loan" classname="com.example.training.service.LoanApplicationServiceTest" time="0.0"/>
  <testcase name="should_throw_when_transition_from_submitted_to_disbursed" classname="com.example.training.service.LoanApplicationServiceTest" time="0.001">
    <system-out><![CDATA[2026-06-23T20:50:34.212+07:00 DEBUG 72971 --- [training] [           main] c.e.t.service.LoanApplicationService     : event=loan_update_status_request loan_id=3c26ffff-dfd7-45a4-9874-8533dfcb146d from=SUBMITTED to=DISBURSED correlation_id=null
2026-06-23T20:50:34.212+07:00 DEBUG 72971 --- [training] [           main] c.e.t.service.LoanApplicationService     : event=loan_validate_transition from=SUBMITTED to=DISBURSED correlation_id=null
]]></system-out>
  </testcase>
  <testcase name="should_throw_when_transition_from_approved_to_rejected" classname="com.example.training.service.LoanApplicationServiceTest" time="0.001">
    <system-out><![CDATA[2026-06-23T20:50:34.213+07:00 DEBUG 72971 --- [training] [           main] c.e.t.service.LoanApplicationService     : event=loan_update_status_request loan_id=42799618-ec98-4986-9f36-5e89624fe690 from=APPROVED to=REJECTED correlation_id=null
2026-06-23T20:50:34.213+07:00 DEBUG 72971 --- [training] [           main] c.e.t.service.LoanApplicationService     : event=loan_validate_transition from=APPROVED to=REJECTED correlation_id=null
]]></system-out>
  </testcase>
  <testcase name="should_approve_loan_when_user_is_approver" classname="com.example.training.service.LoanApplicationServiceTest" time="0.0">
    <system-out><![CDATA[2026-06-23T20:50:34.213+07:00 DEBUG 72971 --- [training] [           main] c.e.t.service.LoanApplicationService     : event=loan_update_status_request loan_id=d76be446-3c61-46cf-b319-cd41ac8e59c6 from=SUBMITTED to=APPROVED correlation_id=null
2026-06-23T20:50:34.213+07:00 DEBUG 72971 --- [training] [           main] c.e.t.service.LoanApplicationService     : event=loan_validate_transition from=SUBMITTED to=APPROVED correlation_id=null
2026-06-23T20:50:34.213+07:00 DEBUG 72971 --- [training] [           main] c.e.t.service.LoanApplicationService     : event=loan_save_after_status_change loan_id=d76be446-3c61-46cf-b319-cd41ac8e59c6 correlation_id=null
2026-06-23T20:50:34.213+07:00  INFO 72971 --- [training] [           main] c.e.t.service.LoanApplicationService     : event=loan_application_approved loan_id=d76be446-3c61-46cf-b319-cd41ac8e59c6 from_status=SUBMITTED to_status=APPROVED correlation_id=null
2026-06-23T20:50:34.213+07:00 DEBUG 72971 --- [training] [           main] c.e.t.service.LoanApplicationService     : event=loan_update_status_complete loan_id=d76be446-3c61-46cf-b319-cd41ac8e59c6 final_status=APPROVED correlation_id=null
]]></system-out>
  </testcase>
  <testcase name="should_throw_when_loan_already_in_final_status_closed" classname="com.example.training.service.LoanApplicationServiceTest" time="0.0">
    <system-out><![CDATA[2026-06-23T20:50:34.214+07:00 DEBUG 72971 --- [training] [           main] c.e.t.service.LoanApplicationService     : event=loan_update_status_request loan_id=1665a439-869f-47d3-bb1c-85660e884a41 from=CLOSED to=APPROVED correlation_id=null
2026-06-23T20:50:34.214+07:00 DEBUG 72971 --- [training] [           main] c.e.t.service.LoanApplicationService     : event=loan_validate_transition from=CLOSED to=APPROVED correlation_id=null
]]></system-out>
  </testcase>
  <testcase name="should_close_loan_when_all_schedules_are_paid" classname="com.example.training.service.LoanApplicationServiceTest" time="0.001">
    <system-out><![CDATA[2026-06-23T20:50:34.215+07:00 DEBUG 72971 --- [training] [           main] c.e.t.service.LoanApplicationService     : event=loan_update_status_request loan_id=eb79ecde-1cde-4328-86cb-b51abcd3d1b6 from=DISBURSED to=CLOSED correlation_id=null
2026-06-23T20:50:34.215+07:00 DEBUG 72971 --- [training] [           main] c.e.t.service.LoanApplicationService     : event=loan_validate_transition from=DISBURSED to=CLOSED correlation_id=null
2026-06-23T20:50:34.215+07:00 DEBUG 72971 --- [training] [           main] c.e.t.service.LoanApplicationService     : event=loan_save_after_status_change loan_id=eb79ecde-1cde-4328-86cb-b51abcd3d1b6 correlation_id=null
2026-06-23T20:50:34.215+07:00  INFO 72971 --- [training] [           main] c.e.t.service.LoanApplicationService     : event=loan_status_updated loan_id=eb79ecde-1cde-4328-86cb-b51abcd3d1b6 from_status=DISBURSED to_status=CLOSED correlation_id=null
2026-06-23T20:50:34.215+07:00 DEBUG 72971 --- [training] [           main] c.e.t.service.LoanApplicationService     : event=loan_update_status_complete loan_id=eb79ecde-1cde-4328-86cb-b51abcd3d1b6 final_status=CLOSED correlation_id=null
]]></system-out>
  </testcase>
</testsuite>